Build started 8/11/2017 12:13:00 PM.
     1>Project "C:\Users\Sushant\Documents\Visual Studio 2010\Projects\bloodbank\bloodbank\bloodbank.vcxproj" on node 2 (build target(s)).
     1>InitializeBuildStatus:
         Creating "Debug\bloodbank.unsuccessfulbuild" because "AlwaysCreate" was specified.
       GenerateTargetFrameworkMonikerAttribute:
       Skipping target "GenerateTargetFrameworkMonikerAttribute" because all output files are up-to-date with respect to the input files.
       ClCompile:
         All outputs are up-to-date.
         C:\Program Files (x86)\Microsoft Visual Studio 10.0\VC\bin\CL.exe /c /AI"C:\Program Files (x86)\Reference Assemblies\Microsoft\Framework\.NETFramework\v4.0" /Zi /clr:pure /nologo /W3 /WX- /Od /Oy- /D WIN32 /D _DEBUG /D _UNICODE /D UNICODE /EHa /MDd /GS /fp:precise /Zc:wchar_t /Zc:forScope /Yu"StdAfx.h" /Fp"Debug\bloodbank.pch" /Fo"Debug\\" /Fd"Debug\vc100.pdb" /TP /FU"C:\Program Files (x86)\Reference Assemblies\Microsoft\Framework\.NETFramework\v4.0\System.Core.dll" /FU"C:\Program Files (x86)\Reference Assemblies\Microsoft\Framework\.NETFramework\v4.0\System.Data.dll" /FU"C:\Program Files (x86)\Reference Assemblies\Microsoft\Framework\.NETFramework\v4.0\System.dll" /FU"C:\Program Files (x86)\Reference Assemblies\Microsoft\Framework\.NETFramework\v4.0\System.Drawing.dll" /FU"C:\Program Files (x86)\Reference Assemblies\Microsoft\Framework\.NETFramework\v4.0\System.Windows.Forms.dll" /FU"C:\Program Files (x86)\Reference Assemblies\Microsoft\Framework\.NETFramework\v4.0\System.Xml.dll" /showIncludes /analyze- /errorReport:prompt Login.cpp bloodbank.cpp /clr:nostdlib 
         Login.cpp
         Note: including file: c:\users\sushant\documents\visual studio 2010\projects\bloodbank\bloodbank\Login.h
         Note: including file:  c:\users\sushant\documents\visual studio 2010\projects\bloodbank\bloodbank\Form1.h
         Note: including file:   c:\users\sushant\documents\visual studio 2010\projects\bloodbank\bloodbank\show.h
     1>c:\users\sushant\documents\visual studio 2010\projects\bloodbank\bloodbank\show.h(290): warning C4101: 'E' : unreferenced local variable
     1>c:\users\sushant\documents\visual studio 2010\projects\bloodbank\bloodbank\show.h(339): warning C4101: 'E' : unreferenced local variable
         Note: including file:   c:\users\sushant\documents\visual studio 2010\projects\bloodbank\bloodbank\input.h
     1>c:\users\sushant\documents\visual studio 2010\projects\bloodbank\bloodbank\input.h(311): warning C4101: 'e' : unreferenced local variable
         Note: including file:  c:\users\sushant\documents\visual studio 2010\projects\bloodbank\bloodbank\forgot.h
         bloodbank.cpp
         Note: including file: c:\users\sushant\documents\visual studio 2010\projects\bloodbank\bloodbank\Login.h
         Note: including file:  c:\users\sushant\documents\visual studio 2010\projects\bloodbank\bloodbank\Form1.h
         Note: including file:   c:\users\sushant\documents\visual studio 2010\projects\bloodbank\bloodbank\show.h
     1>c:\users\sushant\documents\visual studio 2010\projects\bloodbank\bloodbank\show.h(290): warning C4101: 'E' : unreferenced local variable
     1>c:\users\sushant\documents\visual studio 2010\projects\bloodbank\bloodbank\show.h(339): warning C4101: 'E' : unreferenced local variable
         Note: including file:   c:\users\sushant\documents\visual studio 2010\projects\bloodbank\bloodbank\input.h
     1>c:\users\sushant\documents\visual studio 2010\projects\bloodbank\bloodbank\input.h(311): warning C4101: 'e' : unreferenced local variable
         Note: including file:  c:\users\sushant\documents\visual studio 2010\projects\bloodbank\bloodbank\forgot.h
         Generating Code...
         All outputs are up-to-date.
       CoreResGen:
         "C:\Program Files (x86)\Microsoft SDKs\Windows\v7.0A\bin\NETFX 4.0 Tools\resgen.exe" /useSourcePath /r:"C:\Program Files (x86)\Reference Assemblies\Microsoft\Framework\.NETFramework\v4.0\System.Core.dll" /r:"C:\Program Files (x86)\Reference Assemblies\Microsoft\Framework\.NETFramework\v4.0\System.Data.dll" /r:"C:\Program Files (x86)\Reference Assemblies\Microsoft\Framework\.NETFramework\v4.0\System.dll" /r:"C:\Program Files (x86)\Reference Assemblies\Microsoft\Framework\.NETFramework\v4.0\System.Drawing.dll" /r:"C:\Program Files (x86)\Reference Assemblies\Microsoft\Framework\.NETFramework\v4.0\System.Windows.Forms.dll" /r:"C:\Program Files (x86)\Reference Assemblies\Microsoft\Framework\.NETFramework\v4.0\System.Xml.dll" /compile forgot.resx,Debug\bloodbank.forgot.resources Form1.resX,Debug\bloodbank.Form1.resources input.resx,Debug\bloodbank.input.resources Login.resx,Debug\bloodbank.Login.resources show.resx,Debug\bloodbank.show.resources forgot.af.resx,Debug\bloodbank.forgot.af.resources forgot.en-US.resx,Debug\bloodbank.forgot.en-US.resources forgot.en.resx,Debug\bloodbank.forgot.en.resources
         Processing resource file "forgot.resx" into "Debug\bloodbank.forgot.resources".
         Processing resource file "Form1.resX" into "Debug\bloodbank.Form1.resources".
         Processing resource file "input.resx" into "Debug\bloodbank.input.resources".
         Processing resource file "Login.resx" into "Debug\bloodbank.Login.resources".
         Processing resource file "show.resx" into "Debug\bloodbank.show.resources".
         Processing resource file "forgot.af.resx" into "Debug\bloodbank.forgot.af.resources".
         Processing resource file "forgot.en-US.resx" into "Debug\bloodbank.forgot.en-US.resources".
         Processing resource file "forgot.en.resx" into "Debug\bloodbank.forgot.en.resources".
       ResourceCompile:
         All outputs are up-to-date.
       Link:
         C:\Program Files (x86)\Microsoft Visual Studio 10.0\VC\bin\link.exe /ERRORREPORT:PROMPT /OUT:"C:\Users\Sushant\Documents\Visual Studio 2010\Projects\bloodbank\Debug\bloodbank.exe" /INCREMENTAL /NOLOGO /ASSEMBLYRESOURCE:Debug\bloodbank.forgot.resources /ASSEMBLYRESOURCE:Debug\bloodbank.Form1.resources /ASSEMBLYRESOURCE:Debug\bloodbank.input.resources /ASSEMBLYRESOURCE:Debug\bloodbank.Login.resources /ASSEMBLYRESOURCE:Debug\bloodbank.show.resources /MANIFEST /ManifestFile:"Debug\bloodbank.exe.intermediate.manifest" /MANIFESTUAC:"level='asInvoker' uiAccess='false'" /DEBUG /PDB:"C:\Users\Sushant\Documents\Visual Studio 2010\Projects\bloodbank\Debug\bloodbank.pdb" /ASSEMBLYDEBUG /SUBSYSTEM:WINDOWS /TLBID:1 /ENTRY:"main" /DYNAMICBASE /FIXED:NO /NXCOMPAT /MACHINE:X86 Debug\app.res
         Debug\AssemblyInfo.obj
         Debug\bloodbank.obj
         Debug\forgot.obj
         Debug\input.obj
         Debug\Login.obj
         Debug\show.obj
         Debug\stdafx.obj
         "Debug\.NETFramework,Version=v4.0.AssemblyAttributes.obj"
         bloodbank.vcxproj -> C:\Users\Sushant\Documents\Visual Studio 2010\Projects\bloodbank\Debug\bloodbank.exe
       Manifest:
         C:\Program Files (x86)\Microsoft SDKs\Windows\v7.0A\bin\mt.exe /nologo /verbose /outputresource:"C:\Users\Sushant\Documents\Visual Studio 2010\Projects\bloodbank\Debug\bloodbank.exe;#1" /manifest Debug\bloodbank.exe.intermediate.manifest
       GenerateSatelliteAssemblies:
         C:\Program Files (x86)\Microsoft SDKs\Windows\v7.0A\bin\NETFX 4.0 Tools\AL.exe /culture:af /out:"C:\Users\Sushant\Documents\Visual Studio 2010\Projects\bloodbank\Debug\af\bloodbank.resources.dll" /template:"C:\Users\Sushant\Documents\Visual Studio 2010\Projects\bloodbank\Debug\bloodbank.exe" /embed:Debug\bloodbank.forgot.af.resources
       GenerateSatelliteAssemblies:
         C:\Program Files (x86)\Microsoft SDKs\Windows\v7.0A\bin\NETFX 4.0 Tools\AL.exe /culture:en-US /out:"C:\Users\Sushant\Documents\Visual Studio 2010\Projects\bloodbank\Debug\en-US\bloodbank.resources.dll" /template:"C:\Users\Sushant\Documents\Visual Studio 2010\Projects\bloodbank\Debug\bloodbank.exe" /embed:Debug\bloodbank.forgot.en-US.resources
       GenerateSatelliteAssemblies:
         C:\Program Files (x86)\Microsoft SDKs\Windows\v7.0A\bin\NETFX 4.0 Tools\AL.exe /culture:en /out:"C:\Users\Sushant\Documents\Visual Studio 2010\Projects\bloodbank\Debug\en\bloodbank.resources.dll" /template:"C:\Users\Sushant\Documents\Visual Studio 2010\Projects\bloodbank\Debug\bloodbank.exe" /embed:Debug\bloodbank.forgot.en.resources
       FinalizeBuildStatus:
         Deleting file "Debug\bloodbank.unsuccessfulbuild".
         Touching "Debug\bloodbank.lastbuildstate".
     1>Done Building Project "C:\Users\Sushant\Documents\Visual Studio 2010\Projects\bloodbank\bloodbank\bloodbank.vcxproj" (build target(s)).

Build succeeded.

Time Elapsed 00:00:06.18
